Build started 15/04/2015 23:40:07.
     1>Project "D:\GRAPHICSCW\FUStuart.vcxproj" on node 2 (Build target(s)).
     1>ClCompile:
         D:\P\VC\bin\CL.exe /c /ZI /nologo /W3 /WX- /sdl /Od /Oy- /D _MBCS /Gm /EHsc /RTC1 /MDd /GS /fp:precise /Zc:wchar_t /Zc:forScope /Fo"Debug\\" /Fd"Debug\vc110.pdb" /Gd /TP /analyze- /errorReport:prompt mainCharacter.cpp
         mainCharacter.cpp
     1>d:\graphicscw\maincharacter.cpp(14): warning C4244: 'argument' : conversion from 'int' to 'GLfloat', possible loss of data
     1>d:\graphicscw\maincharacter.cpp(15): warning C4244: 'argument' : conversion from 'int' to 'GLfloat', possible loss of data
     1>d:\graphicscw\maincharacter.cpp(16): warning C4244: 'argument' : conversion from 'int' to 'GLfloat', possible loss of data
     1>d:\graphicscw\maincharacter.cpp(17): warning C4244: 'argument' : conversion from 'int' to 'GLfloat', possible loss of data
     1>d:\graphicscw\maincharacter.cpp(49): warning C4244: '=' : conversion from 'double' to 'float', possible loss of data
     1>d:\graphicscw\maincharacter.cpp(57): warning C4244: '=' : conversion from 'double' to 'float', possible loss of data
     1>d:\graphicscw\maincharacter.cpp(81): warning C4244: '=' : conversion from 'double' to 'float', possible loss of data
     1>d:\graphicscw\maincharacter.cpp(85): warning C4244: '=' : conversion from 'double' to 'float', possible loss of data
     1>d:\graphicscw\maincharacter.cpp(42): warning C4101: 'min' : unreferenced local variable
     1>d:\graphicscw\maincharacter.cpp(117): warning C4305: '+=' : truncation from 'double' to 'float'
       Link:
         D:\P\VC\bin\link.exe /ERRORREPORT:PROMPT /OUT:"D:\GRAPHICSCW\Debug\FUStuart.exe" /INCREMENTAL /NOLOGO glu32.lib glfw3.lib opengl32.lib kernel32.lib user32.lib gdi32.lib winspool.lib comdlg32.lib advapi32.lib shell32.lib ole32.lib oleaut32.lib uuid.lib odbc32.lib odbccp32.lib kernel32.lib user32.lib gdi32.lib winspool.lib comdlg32.lib advapi32.lib shell32.lib ole32.lib oleaut32.lib uuid.lib odbc32.lib odbccp32.lib /MANIFEST /MANIFESTUAC:"level='asInvoker' uiAccess='false'" /manifest:embed /DEBUG /PDB:"D:\GRAPHICSCW\Debug\FUStuart.pdb" /TLBID:1 /DYNAMICBASE /NXCOMPAT /IMPLIB:"D:\GRAPHICSCW\Debug\FUStuart.lib" /MACHINE:X86 Debug\Level.obj
         Debug\mainCharacter.obj
         Debug\Source.obj
         Debug\Game.obj
         Debug\Square.obj
         FUStuart.vcxproj -> D:\GRAPHICSCW\Debug\FUStuart.exe
     1>Done Building Project "D:\GRAPHICSCW\FUStuart.vcxproj" (Build target(s)).

Build succeeded.

Time Elapsed 00:00:00.68
